#
# A fatal error has been detected by the Java Runtime Environment:
#
#  EXCEPTION_ACCESS_VIOLATION (0xc0000005) at pc=0x0000000067cfb822, pid=13032, tid=0x0000000000002f14
#
# JRE version: OpenJDK Runtime Environment (8.0_242-b01) (build 1.8.0_242-release-1644-b01)
# Java VM: OpenJDK 64-Bit Server VM (25.242-b01 mixed mode windows-amd64 compressed oops)
# Problematic frame:
# V  [jvm.dll+0x8b822]
#
# Failed to write core dump. Minidumps are not enabled by default on client versions of Windows
#
# If you would like to submit a bug report, please visit:
#   
#

---------------  T H R E A D  ---------------

Current thread (0x0000000003203800):  GCTaskThread [stack: 0x0000000013360000,0x0000000013460000] [id=12052]

siginfo: ExceptionCode=0xc0000005, reading address 0x00000000000000ea

Registers:
RAX=0x0000000000000002, RBX=0x00000000dbc17418, RCX=0x0000000100832978, RDX=0x00000000dbc17418
RSP=0x000000001345f2f8, RBP=0x0000000000000000, RSI=0x0000000018344a80, RDI=0x0000000018344a80
R8 =0x0000000000000023, R9 =0x0000000100832978, R10=0x0000000000000008, R11=0x00000000dfe20bc0
R12=0x00000000682601f0, R13=0x0000000000000001, R14=0x0000000000000000, R15=0x0000000003204060
RIP=0x0000000067cfb822, EFLAGS=0x0000000000010202

Top of Stack: (sp=0x000000001345f2f8)
0x000000001345f2f8:   00000000680427b2 00000000db7bf158
0x000000001345f308:   0000000000000004 0000000018344a80
0x000000001345f318:   00000000680436c5 00000000dfe18bd0
0x000000001345f328:   0000000068042efb 0000000018344a80
0x000000001345f338:   0000000000000003 0000000000000000
0x000000001345f348:   0000000003202e00 00000000682601f0
0x000000001345f358:   0000000068042b20 00000000dfd64d90
0x000000001345f368:   0000000000000000 0000000018344a80
0x000000001345f378:   0000000018344a80 00000000dfd64d90
0x000000001345f388:   00000000680436c5 00000000dbc83a90
0x000000001345f398:   0000000000000000 0000000018344a80
0x000000001345f3a8:   000000008229ea08 000000008229ea00
0x000000001345f3b8:   0000000000000c00 0000000000000000
0x000000001345f3c8:   0000000000000000 00000000126b2000
0x000000001345f3d8:   000000001f817000 00000000126b2001
0x000000001345f3e8:   0000000067e63001 0000a76dc98a1f69 

Instructions: (pc=0x0000000067cfb822)
0x0000000067cfb802:   e2 49 8d 0c 11 49 f7 d1 48 03 c1 49 c1 e9 03 48
0x0000000067cfb812:   c1 e8 03 41 23 c1 c3 48 8b 02 48 8b d1 49 8b c9
0x0000000067cfb822:   48 ff a0 e8 00 00 00 cc cc cc cc cc cc cc 80 3d
0x0000000067cfb832:   1a 97 73 00 00 48 8b c1 74 1b 8b 51 08 8b 0d 73 


Register to memory mapping:

RAX=0x0000000000000002 is an unknown value
RBX=0x00000000dbc17418 is an oop

[error occurred during error reporting (printing register info), id 0xc0000005]

Stack: [0x0000000013360000,0x0000000013460000],  sp=0x000000001345f2f8,  free space=1020k
Native frames: (J=compiled Java code, j=interpreted, Vv=VM code, C=native code)


---------------  P R O C E S S  ---------------

Java Threads: ( => current thread )
  0x000000001f813800 JavaThread "WorkerExecutor Queue Thread 9" [_thread_blocked, id=11732, stack(0x0000000028870000,0x0000000028970000)]
  0x000000001f812800 JavaThread "WorkerExecutor Queue Thread 8" [_thread_blocked, id=12572, stack(0x0000000028770000,0x0000000028870000)]
  0x000000001f817000 JavaThread "WorkerExecutor Queue Thread 7" [_thread_blocked, id=15760, stack(0x0000000028670000,0x0000000028770000)]
  0x000000001f80b000 JavaThread "WorkerExecutor Queue Thread 6" [_thread_blocked, id=11784, stack(0x0000000028570000,0x0000000028670000)]
  0x000000001f811000 JavaThread "WorkerExecutor Queue Thread 5" [_thread_blocked, id=16196, stack(0x0000000028470000,0x0000000028570000)]
  0x000000001f80c000 JavaThread "WorkerExecutor Queue Thread 4" [_thread_blocked, id=13700, stack(0x0000000028370000,0x0000000028470000)]
  0x000000001f812000 JavaThread "WorkerExecutor Queue Thread 3" [_thread_blocked, id=3316, stack(0x0000000028270000,0x0000000028370000)]
  0x000000001f80a800 JavaThread "Cache worker for Java compile cache (C:\Users\David\AndroidStudioProjects\PROGRAMACION_ANDROID_2\Examen_Tema_2_DMM\.gradle\6.1.1\javaCompile)" [_thread_blocked, id=15708, stack(0x0000000027d70000,0x0000000027e70000)]
  0x000000001f810800 JavaThread "Cache worker for Java compile cache (C:\Users\David\.gradle\caches\6.1.1\javaCompile)" [_thread_blocked, id=16028, stack(0x0000000027c70000,0x0000000027d70000)]
  0x000000001f80f800 JavaThread "WorkerExecutor Queue Thread 2" [_thread_blocked, id=15660, stack(0x0000000027970000,0x0000000027a70000)]
  0x000000001f808000 JavaThread "stdout" [_thread_in_native, id=10488, stack(0x0000000027670000,0x0000000027770000)]
  0x000000001f80d800 JavaThread "stderr" [_thread_in_native, id=7132, stack(0x0000000027570000,0x0000000027670000)]
  0x000000001f80c800 JavaThread "pool-2-thread-1" [_thread_blocked, id=11400, stack(0x0000000027470000,0x0000000027570000)]
  0x000000001f80f000 JavaThread "WorkerExecutor Queue" [_thread_blocked, id=2716, stack(0x0000000001680000,0x0000000001780000)]
  0x000000001f80e000 JavaThread "Cache worker for execution history cache (C:\Users\David\AndroidStudioProjects\PROGRAMACION_ANDROID_2\Examen_Tema_2_DMM\.gradle\6.1.1\executionHistory)" [_thread_blocked, id=13904, stack(0x0000000027370000,0x0000000027470000)]
  0x000000001f809000 JavaThread "Execution worker for ':' Thread 7" [_thread_blocked, id=15332, stack(0x0000000027070000,0x0000000027170000)]
  0x000000001be4e000 JavaThread "Execution worker for ':' Thread 6" [_thread_blocked, id=10808, stack(0x0000000026f70000,0x0000000027070000)]
  0x000000001be4c800 JavaThread "Execution worker for ':' Thread 5" [_thread_blocked, id=11124, stack(0x0000000026e70000,0x0000000026f70000)]
  0x000000001be4b000 JavaThread "Execution worker for ':' Thread 4" [_thread_blocked, id=7912, stack(0x0000000026d70000,0x0000000026e70000)]
  0x000000001be4a000 JavaThread "Execution worker for ':' Thread 3" [_thread_blocked, id=5040, stack(0x0000000026c70000,0x0000000026d70000)]
  0x000000001be49800 JavaThread "Execution worker for ':' Thread 2" [_thread_blocked, id=13688, stack(0x0000000026b70000,0x0000000026c70000)]
  0x000000001be48800 JavaThread "Execution worker for ':'" [_thread_blocked, id=12500, stack(0x0000000026a70000,0x0000000026b70000)]
  0x000000001be48000 JavaThread "Cache worker for file content cache (C:\Users\David\AndroidStudioProjects\PROGRAMACION_ANDROID_2\Examen_Tema_2_DMM\.gradle\6.1.1\fileContent)" [_thread_blocked, id=15200, stack(0x0000000025500000,0x0000000025600000)]
  0x000000001be4b800 JavaThread "Cache worker for file content cache (C:\Users\David\.gradle\caches\6.1.1\fileContent)" [_thread_blocked, id=15296, stack(0x0000000025400000,0x0000000025500000)]
  0x000000001be4e800 JavaThread "Memory manager" [_thread_blocked, id=12628, stack(0x0000000025200000,0x0000000025300000)]
  0x000000001be47000 JavaThread "Cache worker for Build Output Cleanup Cache (C:\Users\David\AndroidStudioProjects\PROGRAMACION_ANDROID_2\Examen_Tema_2_DMM\.gradle\buildOutputCleanup)" [_thread_blocked, id=13228, stack(0x0000000023530000,0x0000000023630000)]
  0x000000001be3f800 JavaThread "Build operations Thread 8" [_thread_blocked, id=15196, stack(0x0000000022e30000,0x0000000022f30000)]
  0x000000001be44000 JavaThread "Build operations Thread 7" [_thread_blocked, id=14180, stack(0x0000000022d30000,0x0000000022e30000)]
  0x000000001be46800 JavaThread "Build operations Thread 6" [_thread_blocked, id=14400, stack(0x0000000022c30000,0x0000000022d30000)]
  0x000000001be45000 JavaThread "Build operations Thread 5" [_thread_blocked, id=8592, stack(0x0000000022b30000,0x0000000022c30000)]
  0x000000001be43800 JavaThread "Build operations Thread 4" [_thread_blocked, id=12512, stack(0x0000000022a30000,0x0000000022b30000)]
  0x000000001be42800 JavaThread "Build operations Thread 3" [_thread_blocked, id=15036, stack(0x0000000022930000,0x0000000022a30000)]
  0x000000001be45800 JavaThread "Build operations Thread 2" [_thread_blocked, id=5608, stack(0x0000000022830000,0x0000000022930000)]
  0x000000001be41000 JavaThread "Build operations" [_thread_blocked, id=14500, stack(0x0000000022730000,0x0000000022830000)]
  0x000000001bda2800 JavaThread "Cache worker for execution history cache (C:\Users\David\.gradle\caches\6.1.1\executionHistory)" [_thread_blocked, id=13432, stack(0x00000000219d0000,0x0000000021ad0000)]
  0x000000001bda2000 JavaThread "Cache worker for cache directory md-rule (C:\Users\David\.gradle\caches\6.1.1\md-rule)" [_thread_blocked, id=16200, stack(0x00000000218d0000,0x00000000219d0000)]
  0x000000001bda4000 JavaThread "Cache worker for cache directory md-supplier (C:\Users\David\.gradle\caches\6.1.1\md-supplier)" [_thread_blocked, id=11824, stack(0x00000000217d0000,0x00000000218d0000)]
  0x000000001bda8000 JavaThread "Cache worker for file hash cache (C:\Users\David\AndroidStudioProjects\PROGRAMACION_ANDROID_2\Examen_Tema_2_DMM\.gradle\6.1.1\fileHashes)" [_thread_blocked, id=15860, stack(0x0000000020280000,0x0000000020380000)]
  0x000000001bda3800 JavaThread "Cache worker for checksums cache (C:\Users\David\AndroidStudioProjects\PROGRAMACION_ANDROID_2\Examen_Tema_2_DMM\.gradle\checksums)" [_thread_blocked, id=15000, stack(0x0000000020180000,0x0000000020280000)]
  0x000000001bda5800 JavaThread "Cache worker for file hash cache (C:\Users\David\.gradle\caches\6.1.1\fileHashes)" [_thread_blocked, id=13632, stack(0x000000001eeb0000,0x000000001efb0000)]
  0x000000001bda1000 JavaThread "File lock request listener" [_thread_in_native, id=13444, stack(0x000000001edb0000,0x000000001eeb0000)]
  0x000000001a377000 JavaThread "Cache worker for journal cache (C:\Users\David\.gradle\caches\journal-1)" [_thread_blocked, id=3512, stack(0x000000001ecb0000,0x000000001edb0000)]
  0x000000001a3ff800 JavaThread "Thread-9" [_thread_blocked, id=14576, stack(0x000000001e9b0000,0x000000001eab0000)]
  0x000000001a3e8800 JavaThread "Stdin handler" [_thread_blocked, id=12452, stack(0x000000001e8b0000,0x000000001e9b0000)]
  0x000000001ba52000 JavaThread "Asynchronous log dispatcher for DefaultDaemonConnection: socket connection from /127.0.0.1:51518 to /127.0.0.1:51519" [_thread_blocked, id=13616, stack(0x000000001e7b0000,0x000000001e8b0000)]
  0x000000001b5e3000 JavaThread "Daemon worker" [_thread_blocked, id=10668, stack(0x000000001e6b0000,0x000000001e7b0000)]
  0x000000001b5e2000 JavaThread "Cancel handler" [_thread_blocked, id=14272, stack(0x000000001e5b0000,0x000000001e6b0000)]
  0x000000001c3ec000 JavaThread "Handler for socket connection from /127.0.0.1:51518 to /127.0.0.1:51519" [_thread_in_native, id=13352, stack(0x000000001e2b0000,0x000000001e3b0000)]
  0x000000001bc9e800 JavaThread "Daemon" [_thread_blocked, id=2092, stack(0x000000001e1b0000,0x000000001e2b0000)]
  0x000000001b5f4000 JavaThread "Daemon periodic checks" [_thread_blocked, id=7596, stack(0x000000001e0b0000,0x000000001e1b0000)]
  0x000000001b5f1800 JavaThread "Incoming local TCP Connector on port 51518" [_thread_in_native, id=14384, stack(0x000000001de40000,0x000000001df40000)]
  0x000000001b127000 JavaThread "Daemon health stats" [_thread_blocked, id=1368, stack(0x000000001d800000,0x000000001d900000)]
  0x000000001a1cb800 JavaThread "Service Thread" daemon [_thread_blocked, id=12280, stack(0x000000001ae60000,0x000000001af60000)]
  0x000000001835e800 JavaThread "C1 CompilerThread3" daemon [_thread_blocked, id=15228, stack(0x000000001ad60000,0x000000001ae60000)]
  0x000000001835d800 JavaThread "C2 CompilerThread2" daemon [_thread_blocked, id=4668, stack(0x000000001ac60000,0x000000001ad60000)]
  0x000000001835b800 JavaThread "C2 CompilerThread1" daemon [_thread_blocked, id=11640, stack(0x000000001ab60000,0x000000001ac60000)]
  0x000000001a173800 JavaThread "C2 CompilerThread0" daemon [_thread_blocked, id=14048, stack(0x000000001aa60000,0x000000001ab60000)]
  0x000000001a172800 JavaThread "Attach Listener" daemon [_thread_blocked, id=13184, stack(0x000000001a960000,0x000000001aa60000)]
  0x000000001a176000 JavaThread "Signal Dispatcher" daemon [_thread_blocked, id=16180, stack(0x000000001a860000,0x000000001a960000)]
  0x00000000032de000 JavaThread "Finalizer" daemon [_thread_blocked, id=14868, stack(0x000000001a640000,0x000000001a740000)]
  0x00000000032d5000 JavaThread "Reference Handler" daemon [_thread_blocked, id=13736, stack(0x000000001a540000,0x000000001a640000)]
  0x00000000017de800 JavaThread "main" [_thread_blocked, id=2940, stack(0x0000000003030000,0x0000000003130000)]

Other Threads:
  0x0000000018348000 VMThread [stack: 0x000000001a040000,0x000000001a140000] [id=8140]
  0x000000001a1cd000 WatcherThread [stack: 0x000000001af60000,0x000000001b060000] [id=15768]

=>0x0000000003203800 (exited) GCTaskThread [stack: 0x0000000013360000,0x0000000013460000] [id=12052]

VM state:at safepoint (normal execution)

VM Mutex/Monitor currently owned by a thread:  ([mutex/lock_event])
[0x00000000017dcf70] Threads_lock - owner thread: 0x0000000018348000
[0x00000000017dd2f0] Heap_lock - owner thread: 0x000000001f80b000

heap address: 0x0000000080000000, size: 2048 MB, Compressed Oops mode: 32-bit
Narrow klass base: 0x0000000000000000, Narrow klass shift: 3
Compressed class space size: 1073741824 Address: 0x0000000100000000

Heap:
 PSYoungGen      total 140800K, used 140777K [0x00000000d5580000, 0x00000000e0700000, 0x0000000100000000)
  eden space 124928K, 100% used [0x00000000d5580000,0x00000000dcf80000,0x00000000dcf80000)
  from space 15872K, 99% used [0x00000000dcf80000,0x00000000ddefa700,0x00000000ddf00000)
  to   space 19456K, 63% used [0x00000000df400000,0x00000000dfffa250,0x00000000e0700000)
 ParOldGen       total 90112K, used 45334K [0x0000000080000000, 0x0000000085800000, 0x00000000d5580000)
  object space 90112K, 50% used [0x0000000080000000,0x0000000082c45a98,0x0000000085800000)
 Metaspace       used 78094K, capacity 82252K, committed 82344K, reserved 1120256K
  class space    used 10790K, capacity 11611K, committed 11696K, reserved 1048576K

Card table byte_map: [0x00000000126a0000,0x0000000012ab0000] byte_map_base: 0x00000000122a0000

Marking Bits: (ParMarkBitMap*) 0x000000006843f030
 Begin Bits: [0x0000000013560000, 0x0000000015560000)
 End Bits:   [0x0000000015560000, 0x0000000017560000)

Polling page: 0x00000000017c0000

CodeCache: size=245760Kb used=26056Kb max_used=26061Kb free=219703Kb
 bounds [0x00000000032e0000, 0x0000000004c90000, 0x00000000122e0000]
 total_blobs=9251 nmethods=8392 adapters=772
 compilation: enabled

Compilation events (10 events):
Event: 72.208 Thread 0x000000001835e800 nmethod 9712 0x000000000463de10 code [0x000000000463df60, 0x000000000463e0d0]
Event: 72.208 Thread 0x000000001835e800 9713       3       com.android.tools.r8.s.a.a.b.Q::<init> (5 bytes)
Event: 72.208 Thread 0x000000001835e800 nmethod 9713 0x000000000463d990 code [0x000000000463db00, 0x000000000463dd10]
Event: 72.208 Thread 0x000000001835e800 9718       3       java.util.LinkedList::getFirst (22 bytes)
Event: 72.208 Thread 0x000000001835e800 nmethod 9718 0x000000000463d490 code [0x000000000463d600, 0x000000000463d868]
Event: 72.208 Thread 0x000000001835e800 9714       3       com.android.tools.r8.u.b.W::h (11 bytes)
Event: 72.209 Thread 0x000000001835e800 nmethod 9714 0x000000000463cd90 code [0x000000000463cf20, 0x000000000463d2c8]
Event: 72.209 Thread 0x000000001835e800 9719       3       java.util.Collections$SetFromMap::isEmpty (10 bytes)
Event: 72.209 Thread 0x000000001835e800 nmethod 9719 0x000000000463c950 code [0x000000000463cac0, 0x000000000463cce8]
Event: 72.209 Thread 0x000000001835e800 9715       3       com.android.tools.r8.s.a.a.b.v::a (38 bytes)

GC Heap History (10 events):
Event: 43.845 GC heap after
Heap after GC invocations=18 (full 2):
 PSYoungGen      total 118272K, used 10228K [0x00000000d5580000, 0x00000000dda80000, 0x0000000100000000)
  eden space 108032K, 0% used [0x00000000d5580000,0x00000000d5580000,0x00000000dbf00000)
  from space 10240K, 99% used [0x00000000dcc80000,0x00000000dd67d3d8,0x00000000dd680000)
  to   space 13824K, 0% used [0x00000000dbf00000,0x00000000dbf00000,0x00000000dcc80000)
 ParOldGen       total 54784K, used 23457K [0x0000000080000000, 0x0000000083580000, 0x00000000d5580000)
  object space 54784K, 42% used [0x0000000080000000,0x00000000816e8640,0x0000000083580000)
 Metaspace       used 49512K, capacity 51216K, committed 51368K, reserved 1093632K
  class space    used 6619K, capacity 6993K, committed 7088K, reserved 1048576K
}
Event: 54.179 GC heap before
{Heap before GC invocations=19 (full 2):
 PSYoungGen      total 118272K, used 106316K [0x00000000d5580000, 0x00000000dda80000, 0x0000000100000000)
  eden space 108032K, 88% used [0x00000000d5580000,0x00000000db355c58,0x00000000dbf00000)
  from space 10240K, 99% used [0x00000000dcc80000,0x00000000dd67d3d8,0x00000000dd680000)
  to   space 13824K, 0% used [0x00000000dbf00000,0x00000000dbf00000,0x00000000dcc80000)
 ParOldGen       total 54784K, used 23457K [0x0000000080000000, 0x0000000083580000, 0x00000000d5580000)
  object space 54784K, 42% used [0x0000000080000000,0x00000000816e8640,0x0000000083580000)
 Metaspace       used 57028K, capacity 59044K, committed 59160K, reserved 1099776K
  class space    used 7813K, capacity 8261K, committed 8368K, reserved 1048576K
Event: 54.215 GC heap after
Heap after GC invocations=19 (full 2):
 PSYoungGen      total 121856K, used 10315K [0x00000000d5580000, 0x00000000dee00000, 0x0000000100000000)
  eden space 108032K, 0% used [0x00000000d5580000,0x00000000d5580000,0x00000000dbf00000)
  from space 13824K, 74% used [0x00000000dbf00000,0x00000000dc912d78,0x00000000dcc80000)
  to   space 14848K, 0% used [0x00000000ddf80000,0x00000000ddf80000,0x00000000dee00000)
 ParOldGen       total 54784K, used 29729K [0x0000000080000000, 0x0000000083580000, 0x00000000d5580000)
  object space 54784K, 54% used [0x0000000080000000,0x0000000081d085e8,0x0000000083580000)
 Metaspace       used 57028K, capacity 59044K, committed 59160K, reserved 1099776K
  class space    used 7813K, capacity 8261K, committed 8368K, reserved 1048576K
}
Event: 54.215 GC heap before
{Heap before GC invocations=20 (full 3):
 PSYoungGen      total 121856K, used 10315K [0x00000000d5580000, 0x00000000dee00000, 0x0000000100000000)
  eden space 108032K, 0% used [0x00000000d5580000,0x00000000d5580000,0x00000000dbf00000)
  from space 13824K, 74% used [0x00000000dbf00000,0x00000000dc912d78,0x00000000dcc80000)
  to   space 14848K, 0% used [0x00000000ddf80000,0x00000000ddf80000,0x00000000dee00000)
 ParOldGen       total 54784K, used 29729K [0x0000000080000000, 0x0000000083580000, 0x00000000d5580000)
  object space 54784K, 54% used [0x0000000080000000,0x0000000081d085e8,0x0000000083580000)
 Metaspace       used 57028K, capacity 59044K, committed 59160K, reserved 1099776K
  class space    used 7813K, capacity 8261K, committed 8368K, reserved 1048576K
Event: 54.481 GC heap after
Heap after GC invocations=20 (full 3):
 PSYoungGen      total 121856K, used 0K [0x00000000d5580000, 0x00000000dee00000, 0x0000000100000000)
  eden space 108032K, 0% used [0x00000000d5580000,0x00000000d5580000,0x00000000dbf00000)
  from space 13824K, 0% used [0x00000000dbf00000,0x00000000dbf00000,0x00000000dcc80000)
  to   space 14848K, 0% used [0x00000000ddf80000,0x00000000ddf80000,0x00000000dee00000)
 ParOldGen       total 90112K, used 33704K [0x0000000080000000, 0x0000000085800000, 0x00000000d5580000)
  object space 90112K, 37% used [0x0000000080000000,0x00000000820ea150,0x0000000085800000)
 Metaspace       used 56990K, capacity 58912K, committed 59160K, reserved 1099776K
  class space    used 7802K, capacity 8239K, committed 8368K, reserved 1048576K
}
Event: 61.063 GC heap before
{Heap before GC invocations=21 (full 3):
 PSYoungGen      total 121856K, used 108032K [0x00000000d5580000, 0x00000000dee00000, 0x0000000100000000)
  eden space 108032K, 100% used [0x00000000d5580000,0x00000000dbf00000,0x00000000dbf00000)
  from space 13824K, 0% used [0x00000000dbf00000,0x00000000dbf00000,0x00000000dcc80000)
  to   space 14848K, 0% used [0x00000000ddf80000,0x00000000ddf80000,0x00000000dee00000)
 ParOldGen       total 90112K, used 33704K [0x0000000080000000, 0x0000000085800000, 0x00000000d5580000)
  object space 90112K, 37% used [0x0000000080000000,0x00000000820ea150,0x0000000085800000)
 Metaspace       used 60850K, capacity 63676K, committed 63912K, reserved 1103872K
  class space    used 8428K, capacity 9023K, committed 9136K, reserved 1048576K
Event: 61.077 GC heap after
Heap after GC invocations=21 (full 3):
 PSYoungGen      total 139776K, used 10850K [0x00000000d5580000, 0x00000000dee80000, 0x0000000100000000)
  eden space 124928K, 0% used [0x00000000d5580000,0x00000000d5580000,0x00000000dcf80000)
  from space 14848K, 73% used [0x00000000ddf80000,0x00000000dea18a08,0x00000000dee00000)
  to   space 15872K, 0% used [0x00000000dcf80000,0x00000000dcf80000,0x00000000ddf00000)
 ParOldGen       total 90112K, used 33712K [0x0000000080000000, 0x0000000085800000, 0x00000000d5580000)
  object space 90112K, 37% used [0x0000000080000000,0x00000000820ec150,0x0000000085800000)
 Metaspace       used 60850K, capacity 63676K, committed 63912K, reserved 1103872K
  class space    used 8428K, capacity 9023K, committed 9136K, reserved 1048576K
}
Event: 67.818 GC heap before
{Heap before GC invocations=22 (full 3):
 PSYoungGen      total 139776K, used 135778K [0x00000000d5580000, 0x00000000dee80000, 0x0000000100000000)
  eden space 124928K, 100% used [0x00000000d5580000,0x00000000dcf80000,0x00000000dcf80000)
  from space 14848K, 73% used [0x00000000ddf80000,0x00000000dea18a08,0x00000000dee00000)
  to   space 15872K, 0% used [0x00000000dcf80000,0x00000000dcf80000,0x00000000ddf00000)
 ParOldGen       total 90112K, used 33712K [0x0000000080000000, 0x0000000085800000, 0x00000000d5580000)
  object space 90112K, 37% used [0x0000000080000000,0x00000000820ec150,0x0000000085800000)
 Metaspace       used 66445K, capacity 69584K, committed 69672K, reserved 1110016K
  class space    used 9142K, capacity 9757K, committed 9776K, reserved 1048576K
Event: 67.837 GC heap after
Heap after GC invocations=22 (full 3):
 PSYoungGen      total 140800K, used 15849K [0x00000000d5580000, 0x00000000e0700000, 0x0000000100000000)
  eden space 124928K, 0% used [0x00000000d5580000,0x00000000d5580000,0x00000000dcf80000)
  from space 15872K, 99% used [0x00000000dcf80000,0x00000000ddefa700,0x00000000ddf00000)
  to   space 19456K, 0% used [0x00000000df400000,0x00000000df400000,0x00000000e0700000)
 ParOldGen       total 90112K, used 36970K [0x0000000080000000, 0x0000000085800000, 0x00000000d5580000)
  object space 90112K, 41% used [0x0000000080000000,0x000000008241ab30,0x0000000085800000)
 Metaspace       used 66445K, capacity 69584K, committed 69672K, reserved 1110016K
  class space    used 9142K, capacity 9757K, committed 9776K, reserved 1048576K
}
Event: 72.209 GC heap before
{Heap before GC invocations=23 (full 3):
 PSYoungGen      total 140800K, used 140777K [0x00000000d5580000, 0x00000000e0700000, 0x0000000100000000)
  eden space 124928K, 100% used [0x00000000d5580000,0x00000000dcf80000,0x00000000dcf80000)
  from space 15872K, 99% used [0x00000000dcf80000,0x00000000ddefa700,0x00000000ddf00000)
  to   space 19456K, 0% used [0x00000000df400000,0x00000000df400000,0x00000000e0700000)
 ParOldGen       total 90112K, used 36970K [0x0000000080000000, 0x0000000085800000, 0x00000000d5580000)
  object space 90112K, 41% used [0x0000000080000000,0x000000008241ab30,0x0000000085800000)
 Metaspace       used 78094K, capacity 82252K, committed 82344K, reserved 1120256K
  class space    used 10790K, capacity 11611K, committed 11696K, reserved 1048576K

Deoptimization events (10 events):
Event: 70.041 Thread 0x000000001be4e000 Uncommon trap: reason=class_check action=maybe_recompile pc=0x0000000004baa54c method=com.sun.tools.javac.code.Types.asSuper(Lcom/sun/tools/javac/code/Type;Lcom/sun/tools/javac/code/Symbol;)Lcom/sun/tools/javac/code/Type; @ 31
Event: 70.041 Thread 0x000000001be4e000 Uncommon trap: reason=class_check action=maybe_recompile pc=0x0000000004baa54c method=com.sun.tools.javac.code.Types.asSuper(Lcom/sun/tools/javac/code/Type;Lcom/sun/tools/javac/code/Symbol;)Lcom/sun/tools/javac/code/Type; @ 31
Event: 70.041 Thread 0x000000001be4e000 Uncommon trap: reason=class_check action=maybe_recompile pc=0x0000000004baa54c method=com.sun.tools.javac.code.Types.asSuper(Lcom/sun/tools/javac/code/Type;Lcom/sun/tools/javac/code/Symbol;)Lcom/sun/tools/javac/code/Type; @ 31
Event: 70.648 Thread 0x000000001f811000 Uncommon trap: reason=unstable_if action=reinterpret pc=0x00000000040230c8 method=java.util.regex.Pattern.newSlice([IIZ)Ljava/util/regex/Pattern$Node; @ 10
Event: 71.161 Thread 0x000000001f813800 Uncommon trap: reason=unstable_if action=reinterpret pc=0x00000000048451dc method=java.nio.Bits.putInt(Ljava/nio/ByteBuffer;IIZ)V @ 1
Event: 71.790 Thread 0x000000001f811000 Uncommon trap: reason=unstable_if action=reinterpret pc=0x000000000488c0cc method=com.android.tools.r8.utils.W.d(I)Z @ 45
Event: 71.790 Thread 0x000000001f80b000 Uncommon trap: reason=unstable_if action=reinterpret pc=0x000000000488c0cc method=com.android.tools.r8.utils.W.d(I)Z @ 45
Event: 71.790 Thread 0x000000001f813800 Uncommon trap: reason=unstable_if action=reinterpret pc=0x000000000488c0cc method=com.android.tools.r8.utils.W.d(I)Z @ 45
Event: 71.790 Thread 0x000000001f817000 Uncommon trap: reason=unstable_if action=reinterpret pc=0x0000000004823240 method=com.android.tools.r8.utils.W.d(I)Z @ 45
Event: 71.881 Thread 0x000000001f813800 Uncommon trap: reason=unstable_if action=reinterpret pc=0x00000000044ca05c method=java.util.concurrent.ConcurrentHashMap.get(Ljava/lang/Object;)Ljava/lang/Object; @ 86

Classes redefined (0 events):
No events

Internal exceptions (10 events):
Event: 68.405 Thread 0x000000001be4e000 Exception <a 'sun/nio/fs/WindowsException'> (0x00000000d6ed63d0) thrown at [C:\src\AOSP-openjdk-git\hotspot\src\share\vm\prims\jni.cpp, line 710]
Event: 68.405 Thread 0x000000001be4e000 Exception <a 'sun/nio/fs/WindowsException'> (0x00000000d6ed70e8) thrown at [C:\src\AOSP-openjdk-git\hotspot\src\share\vm\prims\jni.cpp, line 710]
Event: 68.405 Thread 0x000000001be4e000 Exception <a 'sun/nio/fs/WindowsException'> (0x00000000d6ed7e70) thrown at [C:\src\AOSP-openjdk-git\hotspot\src\share\vm\prims\jni.cpp, line 710]
Event: 70.264 Thread 0x000000001a3ff800 Exception <a 'java/lang/NoSuchMethodError': <clinit>> (0x00000000d9a29598) thrown at [C:\src\AOSP-openjdk-git\hotspot\src\share\vm\prims\jni.cpp, line 1615]
Event: 70.608 Thread 0x000000001be4c800 Exception <a 'java/lang/NoSuchMethodError': <clinit>> (0x00000000da46a9f0) thrown at [C:\src\AOSP-openjdk-git\hotspot\src\share\vm\prims\jni.cpp, line 1615]
Event: 70.671 Thread 0x000000001f811000 Exception <a 'java/lang/NoSuchMethodError': java.lang.Object.lambda$static$0(Ljava/lang/String;)Z> (0x00000000da683ca8) thrown at [C:\src\AOSP-openjdk-git\hotspot\src\share\vm\interpreter\linkResolver.cpp, line 620]
Event: 72.075 Thread 0x000000001f817000 Exception <a 'java/lang/NoSuchMethodError': java.lang.Object.lambda$maxBy$1(Ljava/util/Comparator;Ljava/lang/Object;Ljava/lang/Object;)Ljava/lang/Object;> (0x00000000dc94c5e0) thrown at [C:\src\AOSP-openjdk-git\hotspot\src\share\vm\interpreter\linkResolve
Event: 72.075 Thread 0x000000001f813800 Exception <a 'java/lang/NoSuchMethodError': java.lang.Object.lambda$maxBy$1(Ljava/util/Comparator;Ljava/lang/Object;Ljava/lang/Object;)Ljava/lang/Object;> (0x00000000dc926b40) thrown at [C:\src\AOSP-openjdk-git\hotspot\src\share\vm\interpreter\linkResolve
Event: 72.075 Thread 0x000000001f811000 Exception <a 'java/lang/NoSuchMethodError': java.lang.Object.lambda$maxBy$1(Ljava/util/Comparator;Ljava/lang/Object;Ljava/lang/Object;)Ljava/lang/Object;> (0x00000000dc8b3c10) thrown at [C:\src\AOSP-openjdk-git\hotspot\src\share\vm\interpreter\linkResolve
Event: 72.075 Thread 0x000000001f80b000 Exception <a 'java/lang/NoSuchMethodError': java.lang.Object.lambda$maxBy$1(Ljava/util/Comparator;Ljava/lang/Object;Ljava/lang/Object;)Ljava/lang/Object;> (0x00000000dc913868) thrown at [C:\src\AOSP-openjdk-git\hotspot\src\share\vm\interpreter\linkResolve

Events (10 events):
Event: 72.173 loading class com/android/tools/r8/code/O2 done
Event: 72.174 loading class com/android/tools/r8/graph/L
Event: 72.174 loading class com/android/tools/r8/graph/L done
Event: 72.174 loading class com/android/tools/r8/graph/K
Event: 72.174 loading class com/android/tools/r8/graph/K done
Event: 72.174 loading class com/android/tools/r8/ir/optimize/w$b
Event: 72.174 loading class com/android/tools/r8/ir/optimize/w$b done
Event: 72.175 loading class com/android/tools/r8/ir/optimize/w
Event: 72.175 loading class com/android/tools/r8/ir/optimize/w done
Event: 72.209 Executing VM operation: ParallelGCFailedAllocation


Dynamic libraries:
0x00007ff75bae0000 - 0x00007ff75bb11000 	C:\Program Files\Android\Android Studio\jre\bin\java.exe
0x00007ffb95920000 - 0x00007ffb95b10000 	C:\Windows\SYSTEM32\ntdll.dll
0x00007ffb94fc0000 - 0x00007ffb95072000 	C:\Windows\System32\KERNEL32.DLL
0x00007ffb92bf0000 - 0x00007ffb92e95000 	C:\Windows\System32\KERNELBASE.dll
0x00007ffb953e0000 - 0x00007ffb95483000 	C:\Windows\System32\ADVAPI32.dll
0x00007ffb95490000 - 0x00007ffb9552e000 	C:\Windows\System32\msvcrt.dll
0x00007ffb95080000 - 0x00007ffb95117000 	C:\Windows\System32\sechost.dll
0x00007ffb95530000 - 0x00007ffb95650000 	C:\Windows\System32\RPCRT4.dll
0x00007ffb94c70000 - 0x00007ffb94e04000 	C:\Windows\System32\USER32.dll
0x00007ffb92ea0000 - 0x00007ffb92ec1000 	C:\Windows\System32\win32u.dll
0x00007ffb94140000 - 0x00007ffb94166000 	C:\Windows\System32\GDI32.dll
0x00007ffb93000000 - 0x00007ffb93196000 	C:\Windows\System32\gdi32full.dll
0x00007ffb92a70000 - 0x00007ffb92b0e000 	C:\Windows\System32\msvcp_win.dll
0x00007ffb92ed0000 - 0x00007ffb92fca000 	C:\Windows\System32\ucrtbase.dll
0x00007ffb7a150000 - 0x00007ffb7a3d4000 	C:\Windows\WinSxS\amd64_microsoft.windows.common-controls_6595b64144ccf1df_6.0.18362.1139_none_9e7bf2d3e4605ac6\COMCTL32.dll
0x00007ffb94930000 - 0x00007ffb94c65000 	C:\Windows\System32\combase.dll
0x00007ffb92b10000 - 0x00007ffb92b90000 	C:\Windows\System32\bcryptPrimitives.dll
0x00007ffb94260000 - 0x00007ffb9428e000 	C:\Windows\System32\IMM32.DLL
0x0000000067b90000 - 0x0000000067c62000 	C:\Program Files\Android\Android Studio\jre\jre\bin\msvcr100.dll
0x0000000067c70000 - 0x00000000684bb000 	C:\Program Files\Android\Android Studio\jre\jre\bin\server\jvm.dll
0x00007ffb940c0000 - 0x00007ffb940c8000 	C:\Windows\System32\PSAPI.DLL
0x00007ffb77d20000 - 0x00007ffb77d29000 	C:\Windows\SYSTEM32\WSOCK32.dll
0x00007ffb95870000 - 0x00007ffb958df000 	C:\Windows\System32\WS2_32.dll
0x00007ffb88730000 - 0x00007ffb8873a000 	C:\Windows\SYSTEM32\VERSION.dll
0x00007ffb902d0000 - 0x00007ffb902f4000 	C:\Windows\SYSTEM32\WINMM.dll
0x00007ffb902a0000 - 0x00007ffb902cd000 	C:\Windows\SYSTEM32\winmmbase.dll
0x00007ffb928b0000 - 0x00007ffb928fa000 	C:\Windows\System32\cfgmgr32.dll
0x00007ffb8fdb0000 - 0x00007ffb8fdbf000 	C:\Program Files\Android\Android Studio\jre\jre\bin\verify.dll
0x00007ffb8bd50000 - 0x00007ffb8bd79000 	C:\Program Files\Android\Android Studio\jre\jre\bin\java.dll
0x00007ffb8b780000 - 0x00007ffb8b796000 	C:\Program Files\Android\Android Studio\jre\jre\bin\zip.dll
0x00007ffb939d0000 - 0x00007ffb940b7000 	C:\Windows\System32\SHELL32.dll
0x00007ffb94880000 - 0x00007ffb94929000 	C:\Windows\System32\shcore.dll
0x00007ffb931a0000 - 0x00007ffb93920000 	C:\Windows\System32\windows.storage.dll
0x00007ffb927f0000 - 0x00007ffb92813000 	C:\Windows\System32\profapi.dll
0x00007ffb92860000 - 0x00007ffb928aa000 	C:\Windows\System32\powrprof.dll
0x00007ffb927e0000 - 0x00007ffb927f0000 	C:\Windows\System32\UMPDC.dll
0x00007ffb951f0000 - 0x00007ffb95242000 	C:\Windows\System32\shlwapi.dll
0x00007ffb92820000 - 0x00007ffb92831000 	C:\Windows\System32\kernel.appcore.dll
0x00007ffb92a50000 - 0x00007ffb92a67000 	C:\Windows\System32\cryptsp.dll
0x00007ffb85840000 - 0x00007ffb8585a000 	C:\Program Files\Android\Android Studio\jre\jre\bin\net.dll
0x00007ffb91fd0000 - 0x00007ffb92037000 	C:\Windows\system32\mswsock.dll
0x00007ffb85820000 - 0x00007ffb85833000 	C:\Program Files\Android\Android Studio\jre\jre\bin\nio.dll
0x00007ffb858b0000 - 0x00007ffb858d6000 	C:\Users\David\.gradle\native\31\windows-amd64\native-platform.dll
0x00007ffb8bd30000 - 0x00007ffb8bd3d000 	C:\Program Files\Android\Android Studio\jre\jre\bin\management.dll
0x00007ffb91b40000 - 0x00007ffb91b73000 	C:\Windows\system32\rsaenh.dll
0x00007ffb92fd0000 - 0x00007ffb92ff6000 	C:\Windows\System32\bcrypt.dll
0x00007ffb926c0000 - 0x00007ffb926e5000 	C:\Windows\SYSTEM32\USERENV.dll
0x00007ffb921a0000 - 0x00007ffb921ac000 	C:\Windows\SYSTEM32\CRYPTBASE.dll
0x00007ffb91ce0000 - 0x00007ffb91d1a000 	C:\Windows\SYSTEM32\IPHLPAPI.DLL
0x00007ffb94170000 - 0x00007ffb94178000 	C:\Windows\System32\NSI.dll
0x00007ffb892f0000 - 0x00007ffb89306000 	C:\Windows\SYSTEM32\dhcpcsvc6.DLL
0x00007ffb892d0000 - 0x00007ffb892ec000 	C:\Windows\SYSTEM32\dhcpcsvc.DLL
0x00007ffb91d20000 - 0x00007ffb91deb000 	C:\Windows\SYSTEM32\DNSAPI.dll
0x00007ffb7a6c0000 - 0x00007ffb7a8b4000 	C:\Windows\SYSTEM32\dbghelp.dll

VM Arguments:
jvm_args: -Xmx2048m -Dfile.encoding=windows-1252 -Duser.country=MX -Duser.language=es -Duser.variant 
java_command: org.gradle.launcher.daemon.bootstrap.GradleDaemon 6.1.1
java_class_path (initial): C:\Users\David\.gradle\wrapper\dists\gradle-6.1.1-all\cfmwm155h49vnt3hynmlrsdst\gradle-6.1.1\lib\gradle-launcher-6.1.1.jar
Launcher Type: SUN_STANDARD

Environment Variables:
PATH=C:\ProgramData\Oracle\Java\javapath;C:\Windows\system32;C:\Windows;C:\Windows\System32\Wbem;C:\Windows\System32\WindowsPowerShell\v1.0\;C:\Windows\System32\OpenSSH\;C:\xampp\php;C:\composer;C:\Program Files\MiKTeX 2.9\miktex\bin\x64\;C:\cygwin64\bin\;C:\cygwin64\lib\;C:\Program Files\Git\cmd;C:\Program Files\nodejs\;C:\Program Files\Microsoft SQL Server\Client SDK\ODBC\170\Tools\Binn\;C:\Program Files (x86)\Microsoft SQL Server\150\Tools\Binn\;C:\Program Files\Microsoft SQL Server\150\Tools\Binn\;C:\Program Files\Microsoft SQL Server\150\DTS\Binn\;C:\Program Files (x86)\Microsoft SQL Server\150\DTS\Binn\;C:\Program Files\dotnet\;C:\Users\David\AppData\Local\Microsoft\WindowsApps;C:\Users\David\AppData\Roaming\Composer\vendor\bin;C:\Users\David\AppData\Local\Programs\Microsoft VS Code\bin;C:\Users\David\AppData\Roaming\npm;C:\Users\David\.dotnet\tools
USERNAME=David
OS=Windows_NT
PROCESSOR_IDENTIFIER=Intel64 Family 6 Model 42 Stepping 7, GenuineIntel



---------------  S Y S T E M  ---------------

OS: Windows 10.0 , 64 bit Build 18362 (10.0.18362.1110)

CPU:total 8 (initial active 8) (4 cores per cpu, 2 threads per core) family 6 model 42 stepping 7, cmov, cx8, fxsr, mmx, sse, sse2, sse3, ssse3, sse4.1, sse4.2, popcnt, avx, aes, clmul, ht, tsc, tscinvbit

Memory: 4k page, physical 6195904k(1075648k free), swap 10717000k(3068896k free)

vm_info: OpenJDK 64-Bit Server VM (25.242-b01) for windows-amd64 JRE (1.8.0_242-release-1644-b01), built by "builder" with MS VC++ 10.0 (VS2010)

time: Tue Oct 20 22:48:13 2020
timezone: Hora de verano central (México)
elapsed time: 72 seconds (0d 0h 1m 12s)

